flutter_login_signup/build/app/intermediates/manifest_merge_blame_file/debug/manifest-merger-blame-debug-report.txt
1<?xml version="1.0" encoding="utf-8"?>
2<manifest xmlns:android="http://schemas.android.com/apk/res/android"
3    package="thealphamerc.flutter_login_signup"
4    android:versionCode="1"
5    android:versionName="1.0.0" >
6
7    <uses-sdk
8        android:minSdkVersion="21"
9        android:targetSdkVersion="29" />
10    <!--
11         Flutter needs it to communicate with the running application
12         to allow setting breakpoints, to provide hot reload, etc.
13    -->
14
15
16    <!-- Always include this permission -->
17    <uses-permission android:name="android.permission.ACCESS_COARSE_LOCATION" />
17-->src\debug\AndroidManifest.xml:7:5-81
17-->src\debug\AndroidManifest.xml:7:22-78
18
19    <!-- Include only if your app benefits from precise location access. -->
20    <uses-permission android:name="android.permission.ACCESS_FINE_LOCATION" />
20-->src\debug\AndroidManifest.xml:10:5-79
20-->src\debug\AndroidManifest.xml:10:22-76
21    <uses-permission android:name="android.permission.INTERNET" />
21-->src\debug\AndroidManifest.xml:16:5-66
21-->src\debug\AndroidManifest.xml:16:22-64
22    <!-- Include required permissions for Google Maps API to run. -->
23    <uses-permission android:name="android.permission.ACCESS_NETWORK_STATE" />
23-->[com.google.android.gms:play-services-maps:17.0.0] AndroidManifest.xml:23:5-79
23-->[com.google.android.gms:play-services-maps:17.0.0] AndroidManifest.xml:23:22-76
24
25    <uses-feature
25-->[com.google.android.gms:play-services-maps:17.0.0] AndroidManifest.xml:26:5-28:35
26        android:glEsVersion="0x00020000"
26-->[com.google.android.gms:play-services-maps:17.0.0] AndroidManifest.xml:27:9-41
27        android:required="true" />
27-->[com.google.android.gms:play-services-maps:17.0.0] AndroidManifest.xml:28:9-32
28
29    <application
30        android:name="android.app.Application"
30-->src\main\AndroidManifest.xml:9:9-42
31        android:appComponentFactory="androidx.core.app.CoreComponentFactory"
31-->[androidx.core:core:1.6.0] AndroidManifest.xml:24:18-86
32        android:debuggable="true"
33        android:icon="@mipmap/ic_launcher"
33-->src\main\AndroidManifest.xml:11:9-43
34        android:label="flutter_login_signup" >
34-->src\main\AndroidManifest.xml:10:9-45
35        <meta-data
35-->src\debug\AndroidManifest.xml:13:9-123
36            android:name="com.google.android.geo.API_KEY"
36-->src\debug\AndroidManifest.xml:13:20-65
37            android:value="AIzaSyCAUrtkJOT4VkhClkW_rmh7uXLRpFoNQqE" />
37-->src\debug\AndroidManifest.xml:13:66-121
38
39        <activity
39-->src\main\AndroidManifest.xml:12:9-23:20
40            android:name="thealphamerc.flutter_login_signup.MainActivity"
40-->src\main\AndroidManifest.xml:13:13-41
41            android:configChanges="orientation|keyboardHidden|keyboard|screenSize|smallestScreenSize|locale|layoutDirection|fontScale|screenLayout|density|uiMode"
41-->src\main\AndroidManifest.xml:16:13-163
42            android:hardwareAccelerated="true"
42-->src\main\AndroidManifest.xml:17:13-47
43            android:launchMode="singleTop"
43-->src\main\AndroidManifest.xml:14:13-43
44            android:theme="@style/LaunchTheme"
44-->src\main\AndroidManifest.xml:15:13-47
45            android:windowSoftInputMode="adjustResize" >
45-->src\main\AndroidManifest.xml:18:13-55
46            <intent-filter>
46-->src\main\AndroidManifest.xml:19:13-22:29
47                <action android:name="android.intent.action.MAIN" />
47-->src\main\AndroidManifest.xml:20:17-68
47-->src\main\AndroidManifest.xml:20:25-66
48
49                <category android:name="android.intent.category.LAUNCHER" />
49-->src\main\AndroidManifest.xml:21:17-76
49-->src\main\AndroidManifest.xml:21:27-74
50            </intent-filter>
51        </activity>
52        <!--
53 Don't delete the meta-data below.
54             This is used by the Flutter tool to generate GeneratedPluginRegistrant.java
55        -->
56        <meta-data
56-->src\main\AndroidManifest.xml:26:9-28:33
57            android:name="flutterEmbedding"
57-->src\main\AndroidManifest.xml:27:13-44
58            android:value="2" /> <!-- Needs to be explicitly declared on P+ -->
58-->src\main\AndroidManifest.xml:28:13-30
59        <uses-library
59-->[com.google.android.gms:play-services-maps:17.0.0] AndroidManifest.xml:33:9-35:40
60            android:name="org.apache.http.legacy"
60-->[com.google.android.gms:play-services-maps:17.0.0] AndroidManifest.xml:34:13-50
61            android:required="false" />
61-->[com.google.android.gms:play-services-maps:17.0.0] AndroidManifest.xml:35:13-37
62
63        <activity
63-->[com.google.android.gms:play-services-base:17.0.0] AndroidManifest.xml:23:9-26:75
64            android:name="com.google.android.gms.common.api.GoogleApiActivity"
64-->[com.google.android.gms:play-services-base:17.0.0] AndroidManifest.xml:24:13-79
65            android:exported="false"
65-->[com.google.android.gms:play-services-base:17.0.0] AndroidManifest.xml:25:13-37
66            android:theme="@android:style/Theme.Translucent.NoTitleBar" />
66-->[com.google.android.gms:play-services-base:17.0.0] AndroidManifest.xml:26:13-72
67
68        <meta-data
68-->[com.google.android.gms:play-services-basement:17.0.0] AndroidManifest.xml:23:9-25:69
69            android:name="com.google.android.gms.version"
69-->[com.google.android.gms:play-services-basement:17.0.0] AndroidManifest.xml:24:13-58
70            android:value="@integer/google_play_services_version" />
70-->[com.google.android.gms:play-services-basement:17.0.0] AndroidManifest.xml:25:13-66
71
72        <uses-library
72-->[androidx.window:window:1.0.0-beta04] AndroidManifest.xml:25:9-27:40
73            android:name="androidx.window.extensions"
73-->[androidx.window:window:1.0.0-beta04] AndroidManifest.xml:26:13-54
74            android:required="false" />
74-->[androidx.window:window:1.0.0-beta04] AndroidManifest.xml:27:13-37
75        <uses-library
75-->[androidx.window:window:1.0.0-beta04] AndroidManifest.xml:28:9-30:40
76            android:name="androidx.window.sidecar"
76-->[androidx.window:window:1.0.0-beta04] AndroidManifest.xml:29:13-51
77            android:required="false" />
77-->[androidx.window:window:1.0.0-beta04] AndroidManifest.xml:30:13-37
78    </application>
79
80</manifest>